nohup: ignoring input
[0mGET /? [36m304 [0m10.474 ms - -[0m
[0mGET /favicon.ico [33m404 [0m10.029 ms - 1033[0m
in owlbot
[0mGET /owl?q=duck [32m200 [0m222.684 ms - -[0m
In getcity route
[0mGET /getcity?q=C [32m200 [0m3.082 ms - 445[0m
In getcity route
[0mGET /getcity?q=C [36m304 [0m2.066 ms - -[0m
In getcity route
[0mGET /getcity?q=Ce [32m200 [0m1.177 ms - 112[0m
In getcity route
[0mGET /getcity?q=Ced [32m200 [0m0.882 ms - 47[0m
In getcity route
[0mGET /getcity?q=Cedar [32m200 [0m0.904 ms - 47[0m
In getcity route
[0mGET /getcity?q=Cedar [36m304 [0m0.823 ms - -[0m
In getcity route
[0mGET /getcity?q=Cedar [36m304 [0m2.132 ms - -[0m
[0mGET /? [36m304 [0m1.348 ms - -[0m
in owlbot
[0mGET /owl?q=frog [32m200 [0m109.185 ms - -[0m
[0mGET /? [36m304 [0m0.978 ms - -[0m
in owlbot
[0mGET /owl?q=duck [32m200 [0m183.514 ms - -[0m
[0mGET / [32m200 [0m4.152 ms - 1638[0m
in owlbot
[0mGET /owl?q=frog [32m200 [0m123.529 ms - -[0m
in owlbot
[0mGET /owl?q=dog [32m200 [0m111.306 ms - -[0m
in owlbot
[0mGET /owl?q=soldier [32m200 [0m107.139 ms - -[0m
in owlbot
[0mGET /owl?q=john [32m200 [0m66.649 ms - -[0m
in owlbot
[0mGET /owl?q=torbald [32m200 [0m101.777 ms - -[0m
in owlbot
[0mGET /owl?q=torvald [32m200 [0m105.582 ms - -[0m
in owlbot
[0mGET /owl?q=guy [32m200 [0m101.832 ms - -[0m
in owlbot
[0mGET /owl?q=gui [32m200 [0m103.795 ms - -[0m
in owlbot
[0mGET /owl?q=node [32m200 [0m90.338 ms - -[0m
in owlbot
[0mGET /owl?q=javascript [32m200 [0m108.470 ms - -[0m
in owlbot
[0mGET /owl?q=utah [32m200 [0m86.753 ms - -[0m
in owlbot
[0mGET /owl?q=city [32m200 [0m237.911 ms - -[0m
in owlbot
[0mGET /owl?q=fox [32m200 [0m95.721 ms - -[0m
in owlbot
[0mGET /owl?q=carrot [32m200 [0m105.434 ms - -[0m
in owlbot
[0mGET /owl?q=radish [32m200 [0m97.822 ms - -[0m
in owlbot
[0mGET /owl?q=ramen [32m200 [0m109.305 ms - -[0m
in owlbot
[0mGET /owl?q=raman [32m200 [0m108.796 ms - -[0m
in owlbot
[0mGET /owl?q=god [32m200 [0m104.073 ms - -[0m
in owlbot
[0mGET /owl?q=supreme [32m200 [0m60.519 ms - -[0m
in owlbot
[0mGET /owl?q=jesus%20christ [33m404 [0m75.289 ms - -[0m
in owlbot
[0mGET /owl?q=jesus%20christ [33m404 [0m68.997 ms - -[0m
in owlbot
[0mGET /owl?q=arm [32m200 [0m117.678 ms - -[0m
In getcity route
[0mGET /getcity?q=L [32m200 [0m2.648 ms - 298[0m
In getcity route
[0mGET /getcity?q=L [36m304 [0m1.470 ms - -[0m
In getcity route
[0mGET /getcity?q=La [32m200 [0m0.961 ms - 120[0m
In getcity route
[0mGET /getcity?q=La [36m304 [0m0.864 ms - -[0m
[0mGET / [32m200 [0m1.318 ms - 1638[0m
[0mGET / [32m200 [0m0.675 ms - 1638[0m
[0mGET / [32m200 [0m0.751 ms - 1638[0m
[0mGET /? [32m200 [0m0.618 ms - 1638[0m
[0mGET /favicon.ico [33m404 [0m4.497 ms - 1033[0m
in owlbot
[0mGET /owl?q=Food [32m200 [0m102.670 ms - -[0m
in owlbot
[0mGET /owl?q=Food [32m200 [0m106.369 ms - -[0m
in owlbot
[0mGET /owl?q=Food [32m200 [0m101.058 ms - -[0m
in owlbot
[0mGET /owl?q=Corn [32m200 [0m100.394 ms - -[0m
in owlbot
[0mGET /owl?q=Corn [32m200 [0m106.807 ms - -[0m
In getcity route
[0mGET /getcity?q=A [32m200 [0m0.774 ms - 194[0m
In getcity route
[0mGET /getcity?q=A [36m304 [0m0.680 ms - -[0m
In getcity route
[0mGET /getcity?q=Al [32m200 [0m1.299 ms - 75[0m
In getcity route
[0mGET /getcity?q=Alp [32m200 [0m0.682 ms - 19[0m
In getcity route
[0mGET /getcity?q=Alpi [32m200 [0m0.683 ms - 19[0m
In getcity route
[0mGET /getcity?q=Alpine [32m200 [0m0.685 ms - 19[0m
In getcity route
[0mGET /getcity?q=Alpine [36m304 [0m0.672 ms - -[0m
[0mGET /? [36m304 [0m2.389 ms - -[0m
In getcity route
[0mGET /getcity?q=A [36m304 [0m0.656 ms - -[0m
In getcity route
[0mGET /getcity?q=A [36m304 [0m0.636 ms - -[0m
In getcity route
[0mGET /getcity?q=Al [36m304 [0m1.108 ms - -[0m
In getcity route
[0mGET /getcity?q=Alp [36m304 [0m0.648 ms - -[0m
In getcity route
[0mGET /getcity?q=Alpi [36m304 [0m0.653 ms - -[0m
In getcity route
[0mGET /getcity?q=Alpin [32m200 [0m0.679 ms - 19[0m
In getcity route
[0mGET /getcity?q=Alpine [36m304 [0m0.673 ms - -[0m
In getcity route
[0mGET /getcity?q=Alpine [36m304 [0m0.656 ms - -[0m
[0mGET /? [36m304 [0m0.427 ms - -[0m
In getcity route
[0mGET /getcity?q=Alpine [36m304 [0m1.820 ms - -[0m
[0mGET / [32m200 [0m0.637 ms - 1638[0m
[0mGET /? [36m304 [0m0.491 ms - -[0m
in owlbot
[0mGET /owl?q=frog [32m200 [0m175.529 ms - -[0m
in owlbot
[0mGET /owl?q=not%20return [33m404 [0m118.820 ms - -[0m
in owlbot
[0mGET /owl?q=dur [32m200 [0m96.975 ms - -[0m
in owlbot
[0mGET /owl?q=tor [32m200 [0m111.578 ms - -[0m
[0mGET / [32m200 [0m0.725 ms - 1638[0m
[0mGET /? [36m304 [0m0.441 ms - -[0m
in owlbot
[0mGET /owl?q=frog [32m200 [0m108.707 ms - -[0m
in owlbot
[0mGET /owl?q=owl [32m200 [0m102.110 ms - -[0m
in owlbot
[0mGET /owl?q=loud [32m200 [0m121.689 ms - -[0m
in owlbot
[0mGET /owl?q=gerbil [32m200 [0m134.078 ms - -[0m
in owlbot
[0mGET /owl?q=sweet [32m200 [0m111.663 ms - -[0m
in owlbot
[0mGET /owl?q=tarr [32m200 [0m181.416 ms - -[0m
in owlbot
[0mGET /owl?q=tar [32m200 [0m87.777 ms - -[0m
in owlbot
[0mGET /owl?q=tarnation [32m200 [0m150.458 ms - -[0m
in owlbot
[0mGET /owl?q=tarn [32m200 [0m104.228 ms - -[0m
in owlbot
[0mGET /owl?q=duala [32m200 [0m101.662 ms - -[0m
in owlbot
[0mGET /owl?q=jimmy [32m200 [0m92.456 ms - -[0m
in owlbot
[0mGET /owl?q=swell [32m200 [0m85.764 ms - -[0m
in owlbot
[0mGET /owl?q=destroy [32m200 [0m91.632 ms - -[0m
in owlbot
[0mGET /owl?q=end [32m200 [0m88.718 ms - -[0m
[0mGET / [32m200 [0m1.311 ms - 1638[0m
[0mGET / [32m200 [0m0.933 ms - 1638[0m
[0mGET / [32m200 [0m1.034 ms - 1638[0m
[0mGET / [32m200 [0m0.800 ms - 1638[0m
[0mGET /? [36m304 [0m0.556 ms - -[0m
in owlbot
[0mGET /owl?q=cat [32m200 [0m101.651 ms - -[0m
[0mGET / [32m200 [0m0.708 ms - 1638[0m
[0mGET / [32m200 [0m1.801 ms - 1638[0m
[0mGET / [32m200 [0m0.968 ms - 1638[0m
[0mGET / [32m200 [0m0.594 ms - 1638[0m
[0mGET / [32m200 [0m0.659 ms - 1638[0m
[0mGET / [32m200 [0m0.630 ms - 1638[0m
[0mGET / [32m200 [0m0.614 ms - 1638[0m
[0mGET /favicon.ico [33m404 [0m0.890 ms - 1033[0m
[0mGET / [32m200 [0m1.631 ms - 1638[0m
[0mGET / [32m200 [0m1.511 ms - 1638[0m
[0mGET / [32m200 [0m0.610 ms - 1638[0m
[0mGET / [32m200 [0m2.149 ms - 1638[0m
[0mGET / [32m200 [0m0.670 ms - 1638[0m
[0mGET / [32m200 [0m0.617 ms - 1638[0m
[0mGET / [32m200 [0m1.129 ms - 1638[0m
[0mGET / [32m200 [0m1.223 ms - 1638[0m
[0mGET /? [32m200 [0m0.644 ms - 1638[0m
[0mGET /favicon.ico [33m404 [0m1.196 ms - 1033[0m
in owlbot
[0mGET /owl?q=man [32m200 [0m119.074 ms - -[0m
In getcity route
[0mGET /getcity?q=S [32m200 [0m0.796 ms - 484[0m
In getcity route
[0mGET /getcity?q= [32m200 [0m0.862 ms - 5068[0m
In getcity route
[0mGET /getcity?q=s [32m200 [0m0.642 ms - 2[0m
In getcity route
[0mGET /getcity?q= [36m304 [0m0.827 ms - -[0m
In getcity route
[0mGET /getcity?q=S [36m304 [0m0.665 ms - -[0m
In getcity route
[0mGET /getcity?q=S [36m304 [0m1.171 ms - -[0m
In getcity route
[0mGET /getcity?q=So [32m200 [0m0.663 ms - 50[0m
[0mGET / [32m200 [0m0.641 ms - 1638[0m
[0mGET / [32m200 [0m0.672 ms - 1638[0m
[0mGET / [32m200 [0m0.772 ms - 1638[0m
[0mGET / [32m200 [0m0.626 ms - 1638[0m
[0mGET / [32m200 [0m0.627 ms - 1638[0m
[0mGET / [32m200 [0m0.995 ms - 1638[0m
[0mGET / [32m200 [0m1.654 ms - 1638[0m
[0mGET / [32m200 [0m0.698 ms - 1638[0m
[0mGET / [32m200 [0m2.053 ms - 1638[0m
[0mGET / [32m200 [0m1.212 ms - 1638[0m
[0mGET / [32m200 [0m0.627 ms - 1638[0m
[0mGET / [32m200 [0m0.637 ms - 1638[0m
[0mGET / [32m200 [0m1.096 ms - 1638[0m
[0mGET / [32m200 [0m0.616 ms - 1638[0m
[0mGET / [32m200 [0m0.588 ms - 1638[0m
[0mGET http://5.188.210.12/echo.php [33m404 [0m1.552 ms - 1033[0m
[0mGET / [32m200 [0m0.569 ms - 1638[0m
[0mGET / [32m200 [0m0.608 ms - 1638[0m
[0mGET / [32m200 [0m1.214 ms - 1638[0m
[0mGET / [32m200 [0m0.611 ms - 1638[0m
[0mGET / [32m200 [0m0.666 ms - 1638[0m
[0mGET /? [32m200 [0m0.605 ms - 1638[0m
[0mGET /favicon.ico [33m404 [0m0.932 ms - 1033[0m
in owlbot
[0mGET /owl?q=FUNNY [32m200 [0m188.513 ms - -[0m
In getcity route
[0mGET /getcity?q=o [32m200 [0m0.681 ms - 2[0m
In getcity route
[0mGET /getcity?q=or [32m200 [0m0.600 ms - 2[0m
In getcity route
[0mGET /getcity?q=ore [32m200 [0m0.625 ms - 2[0m
In getcity route
[0mGET /getcity?q=orem [32m200 [0m1.075 ms - 2[0m
In getcity route
[0mGET /getcity?q=ore [36m304 [0m0.633 ms - -[0m
In getcity route
[0mGET /getcity?q=or [36m304 [0m0.713 ms - -[0m
In getcity route
[0mGET /getcity?q=o [36m304 [0m2.017 ms - -[0m
In getcity route
[0mGET /getcity?q= [32m200 [0m1.322 ms - 5068[0m
In getcity route
[0mGET /getcity?q=O [32m200 [0m0.667 ms - 134[0m
In getcity route
[0mGET /getcity?q=O [36m304 [0m0.683 ms - -[0m
In getcity route
[0mGET /getcity?q=Or [32m200 [0m0.569 ms - 62[0m
In getcity route
[0mGET /getcity?q=Ore [32m200 [0m0.708 ms - 17[0m
In getcity route
[0mGET /getcity?q=Orem [32m200 [0m0.677 ms - 17[0m
In getcity route
[0mGET /getcity?q=Ore [36m304 [0m1.066 ms - -[0m
In getcity route
[0mGET /getcity?q=Or [36m304 [0m0.664 ms - -[0m
In getcity route
[0mGET /getcity?q=O [36m304 [0m0.659 ms - -[0m
In getcity route
[0mGET /getcity?q= [36m304 [0m0.877 ms - -[0m
In getcity route
[0mGET /getcity?q=O [36m304 [0m0.624 ms - -[0m
In getcity route
[0mGET /getcity?q=O [36m304 [0m1.043 ms - -[0m
In getcity route
[0mGET /getcity?q=Or [36m304 [0m0.691 ms - -[0m
In getcity route
[0mGET /getcity?q=Ore [36m304 [0m0.659 ms - -[0m
In getcity route
[0mGET /getcity?q=Orem [36m304 [0m0.641 ms - -[0m
In getcity route
[0mGET /getcity?q=Ore [36m304 [0m0.753 ms - -[0m
In getcity route
[0mGET /getcity?q=Or [36m304 [0m1.133 ms - -[0m
[0mGET / [32m200 [0m0.666 ms - 1638[0m
[0mGET / [32m200 [0m0.638 ms - 1638[0m
[0mGET / [32m200 [0m0.665 ms - 1638[0m
[0mGET / [32m200 [0m0.632 ms - 1638[0m
[0mGET / [32m200 [0m0.591 ms - 1638[0m
[0mGET / [32m200 [0m0.584 ms - 1638[0m
[0mGET / [32m200 [0m0.658 ms - 1638[0m
